0 info it worked if it ends with ok
1 verbose cli [ 'node', '/usr/local/bin/npm', 'install', '-g', 'mup' ]
2 info using npm@2.7.4
3 info using node@v0.12.1
4 silly cache add args [ 'mup', null ]
5 verbose cache add spec mup
6 silly cache add parsed spec { raw: 'mup',
6 silly cache add   scope: null,
6 silly cache add   name: 'mup',
6 silly cache add   rawSpec: '',
6 silly cache add   spec: '*',
6 silly cache add   type: 'range' }
7 verbose addNamed mup@*
8 silly addNamed semver.valid null
9 silly addNamed semver.validRange *
10 silly addNameRange { name: 'mup', range: '*', hasData: false }
11 silly mapToRegistry name mup
12 silly mapToRegistry using default registry
13 silly mapToRegistry registry https://registry.npmjs.org/
14 silly mapToRegistry uri https://registry.npmjs.org/mup
15 verbose addNameRange registry:https://registry.npmjs.org/mup not in flight; fetching
16 verbose request uri https://registry.npmjs.org/mup
17 verbose request no auth needed
18 info attempt registry request try #1 at 18:30:30
19 verbose request id 91ca49978c57be85
20 verbose etag "F2621RTPA1HI03ZQT31TYI7LT"
21 http request GET https://registry.npmjs.org/mup
22 http 200 https://registry.npmjs.org/mup
23 silly get cb [ 200,
23 silly get   { server: 'CouchDB/1.5.0 (Erlang OTP/R16B03)',
23 silly get     etag: '"3LTPQ5PD7851GA07IDPHA49NK"',
23 silly get     'content-type': 'application/json',
23 silly get     'cache-control': 'max-age=60',
23 silly get     'content-length': '79657',
23 silly get     'accept-ranges': 'bytes',
23 silly get     date: 'Thu, 26 Nov 2015 10:30:32 GMT',
23 silly get     via: '1.1 varnish',
23 silly get     age: '0',
23 silly get     connection: 'keep-alive',
23 silly get     'x-served-by': 'cache-lhr6320-LHR',
23 silly get     'x-cache': 'MISS',
23 silly get     'x-cache-hits': '0',
23 silly get     'x-timer': 'S1448533831.790459,VS0,VE464',
23 silly get     vary: 'Accept' } ]
24 verbose get saving mup to /Users/andydeng/.npm/registry.npmjs.org/mup/.cache.json
25 silly addNameRange number 2 { name: 'mup', range: '*', hasData: true }
26 silly addNameRange versions [ 'mup',
26 silly addNameRange   [ '0.1.2',
26 silly addNameRange     '0.1.3',
26 silly addNameRange     '0.1.4',
26 silly addNameRange     '0.1.5',
26 silly addNameRange     '0.1.6',
26 silly addNameRange     '0.1.7',
26 silly addNameRange     '0.1.8',
26 silly addNameRange     '0.1.9',
26 silly addNameRange     '0.1.10',
26 silly addNameRange     '0.1.11',
26 silly addNameRange     '0.1.12',
26 silly addNameRange     '0.1.13',
26 silly addNameRange     '0.2.0',
26 silly addNameRange     '0.3.0',
26 silly addNameRange     '0.4.0',
26 silly addNameRange     '0.4.1',
26 silly addNameRange     '0.4.2',
26 silly addNameRange     '0.4.3',
26 silly addNameRange     '0.4.4',
26 silly addNameRange     '0.4.5',
26 silly addNameRange     '0.4.6',
26 silly addNameRange     '0.4.7',
26 silly addNameRange     '0.5.0',
26 silly addNameRange     '0.5.1',
26 silly addNameRange     '0.5.2',
26 silly addNameRange     '0.5.3',
26 silly addNameRange     '0.6.0',
26 silly addNameRange     '0.6.1',
26 silly addNameRange     '0.6.3',
26 silly addNameRange     '0.6.4',
26 silly addNameRange     '0.6.5',
26 silly addNameRange     '0.6.7',
26 silly addNameRange     '0.6.8',
26 silly addNameRange     '0.6.9',
26 silly addNameRange     '0.6.10',
26 silly addNameRange     '0.6.11',
26 silly addNameRange     '0.6.12',
26 silly addNameRange     '0.7.0',
26 silly addNameRange     '0.7.1',
26 silly addNameRange     '0.7.2',
26 silly addNameRange     '0.7.3',
26 silly addNameRange     '0.7.4',
26 silly addNameRange     '0.7.5',
26 silly addNameRange     '0.7.6',
26 silly addNameRange     '0.7.7',
26 silly addNameRange     '0.8.0',
26 silly addNameRange     '0.9.0',
26 silly addNameRange     '0.9.1',
26 silly addNameRange     '0.9.2',
26 silly addNameRange     '0.9.3',
26 silly addNameRange     '0.9.4',
26 silly addNameRange     '0.9.5',
26 silly addNameRange     '0.9.6',
26 silly addNameRange     '0.9.7',
26 silly addNameRange     '0.10.0',
26 silly addNameRange     '0.10.1',
26 silly addNameRange     '0.10.2',
26 silly addNameRange     '0.10.3',
26 silly addNameRange     '0.10.4',
26 silly addNameRange     '0.10.5',
26 silly addNameRange     '0.10.6',
26 silly addNameRange     '0.10.7',
26 silly addNameRange     '0.10.8',
26 silly addNameRange     '0.11.0',
26 silly addNameRange     '0.11.1',
26 silly addNameRange     '0.11.2',
26 silly addNameRange     '0.11.3' ] ]
27 verbose addNamed mup@0.11.3
28 silly addNamed semver.valid 0.11.3
29 silly addNamed semver.validRange 0.11.3
30 silly mapToRegistry name mup
31 silly mapToRegistry using default registry
32 silly mapToRegistry registry https://registry.npmjs.org/
33 silly mapToRegistry uri https://registry.npmjs.org/mup
34 verbose addRemoteTarball https://registry.npmjs.org/mup/-/mup-0.11.3.tgz not in flight; adding
35 verbose addRemoteTarball [ 'https://registry.npmjs.org/mup/-/mup-0.11.3.tgz',
35 verbose addRemoteTarball   '080c14be32a0525efaba907a446e045e4d5eb0e1' ]
36 info retry fetch attempt 1 at 18:30:34
37 info attempt registry request try #1 at 18:30:34
38 http fetch GET https://registry.npmjs.org/mup/-/mup-0.11.3.tgz
39 http fetch 200 https://registry.npmjs.org/mup/-/mup-0.11.3.tgz
40 silly fetchAndShaCheck shasum 080c14be32a0525efaba907a446e045e4d5eb0e1
41 verbose addTmpTarball /var/folders/8p/4gdyrdgj1n32xcds6hdb1gm00000gp/T/npm-85707-37bf92ee/registry.npmjs.org/mup/-/mup-0.11.3.tgz not in flight; adding
42 verbose addTmpTarball already have metadata; skipping unpack for mup@0.11.3
43 silly cache afterAdd mup@0.11.3
44 verbose afterAdd /Users/andydeng/.npm/mup/0.11.3/package/package.json not in flight; writing
45 verbose afterAdd /Users/andydeng/.npm/mup/0.11.3/package/package.json written
46 silly install resolved [ { name: 'mup',
46 silly install resolved     version: '0.11.3',
46 silly install resolved     description: 'Production Quality Meteor Deployments',
46 silly install resolved     dependencies:
46 silly install resolved      { async: '^0.9.0',
46 silly install resolved        cjson: '0.3.x',
46 silly install resolved        colors: '0.6.x',
46 silly install resolved        nodemiral: '^1.1.1',
46 silly install resolved        rimraf: '2.x.x',
46 silly install resolved        underscore: '1.7.0',
46 silly install resolved        uuid: '1.4.x',
46 silly install resolved        archiver: '0.14.x' },
46 silly install resolved     bin: { mup: './bin/mup' },
46 silly install resolved     author:
46 silly install resolved      { name: 'Arunoda Susiripala',
46 silly install resolved        email: 'arunoda.susiripala@gmail.com' },
46 silly install resolved     repository: { type: 'git', url: 'git://github.com/arunoda/meteor-up.git' },
46 silly install resolved     license: 'MIT',
46 silly install resolved     gitHead: '91e33a24dc26e306f5bf10c319a57211dfc832b1',
46 silly install resolved     bugs: { url: 'https://github.com/arunoda/meteor-up/issues' },
46 silly install resolved     homepage: 'https://github.com/arunoda/meteor-up',
46 silly install resolved     _id: 'mup@0.11.3',
46 silly install resolved     scripts: {},
46 silly install resolved     _shasum: '080c14be32a0525efaba907a446e045e4d5eb0e1',
46 silly install resolved     _from: 'mup@*',
46 silly install resolved     _npmVersion: '2.14.3',
46 silly install resolved     _nodeVersion: '4.1.0',
46 silly install resolved     _npmUser: { name: 'arunoda', email: 'arunoda.susiripala@gmail.com' },
46 silly install resolved     dist:
46 silly install resolved      { shasum: '080c14be32a0525efaba907a446e045e4d5eb0e1',
46 silly install resolved        tarball: 'http://registry.npmjs.org/mup/-/mup-0.11.3.tgz' },
46 silly install resolved     maintainers: [ [Object] ],
46 silly install resolved     directories: {},
46 silly install resolved     _resolved: 'https://registry.npmjs.org/mup/-/mup-0.11.3.tgz' } ]
47 info install mup@0.11.3 into /usr/local/lib
48 info installOne mup@0.11.3
49 verbose installOne of mup to /usr/local/lib not in flight; installing
50 verbose lock using /Users/andydeng/.npm/_locks/mup-2c0f78d4aacbd233.lock for /usr/local/lib/node_modules/mup
51 silly install write writing mup 0.11.3 to /usr/local/lib/node_modules/mup
52 silly cache addNamed cb mup@0.11.3
53 verbose unbuild lib/node_modules/mup
54 info preuninstall mup@0.9.7
55 info uninstall mup@0.9.7
56 verbose unbuild rmStuff mup@0.9.7 from /usr/local/lib/node_modules
57 silly gentlyRm /usr/local/bin/mup is being gently removed
58 silly gentlyRm verifying /usr/local is an npm working directory
59 silly gentlyRm containing path /usr/local is under npm's control, in /usr/local
60 silly gentlyRm deletion target /usr/local/bin/mup is under /usr/local
61 verbose gentlyRm vacuuming from /usr/local/bin/mup up to /usr/local
62 silly vacuum-fs removing /usr/local/bin/mup
63 silly vacuum-fs quitting because other entries in /usr/local/bin
64 info postuninstall mup@0.9.7
65 silly gentlyRm /usr/local/lib/node_modules/mup is being purged from base /usr/local
66 verbose gentlyRm don't care about contents; nuking /usr/local/lib/node_modules/mup
67 silly vacuum-fs purging /usr/local/lib/node_modules/mup
68 verbose unlock done using /Users/andydeng/.npm/_locks/mup-2c0f78d4aacbd233.lock for /usr/local/lib/node_modules/mup
69 verbose stack Error: EACCES, rmdir '/usr/local/lib/node_modules/mup'
69 verbose stack     at Error (native)
70 verbose cwd /Users/andydeng/Desktop/wechat/kyl_biz_wechat20
71 error Darwin 15.2.0
72 error argv "node" "/usr/local/bin/npm" "install" "-g" "mup"
73 error node v0.12.1
74 error npm  v2.7.4
75 error path /usr/local/lib/node_modules/mup
76 error code EACCES
77 error errno -13
78 error Error: EACCES, rmdir '/usr/local/lib/node_modules/mup'
78 error     at Error (native)
78 error  { [Error: EACCES, rmdir '/usr/local/lib/node_modules/mup']
78 error   errno: -13,
78 error   code: 'EACCES',
78 error   path: '/usr/local/lib/node_modules/mup' }
79 error Please try running this command again as root/Administrator.
80 verbose exit [ -13, true ]
81 verbose unbuild lib/node_modules/mup
82 info preuninstall mup@0.9.7
83 info uninstall mup@0.9.7
84 verbose unbuild rmStuff mup@0.9.7 from /usr/local/lib/node_modules
85 silly gentlyRm /usr/local/bin/mup is being gently removed
86 silly gentlyRm verifying /usr/local is an npm working directory
87 silly gentlyRm containing path /usr/local is under npm's control, in /usr/local
88 silly gentlyRm deletion target /usr/local/bin/mup is under /usr/local
89 verbose gentlyRm vacuuming from /usr/local/bin/mup up to /usr/local
90 info postuninstall mup@0.9.7
91 silly gentlyRm /usr/local/lib/node_modules/mup is being purged from base /usr/local
92 verbose gentlyRm don't care about contents; nuking /usr/local/lib/node_modules/mup
93 silly vacuum-fs purging /usr/local/lib/node_modules/mup
94 error error rolling back Error: EACCES, rmdir '/usr/local/lib/node_modules/mup'
94 error error rolling back     at Error (native)
94 error error rolling back  { [Error: EACCES, rmdir '/usr/local/lib/node_modules/mup']
94 error error rolling back   errno: -13,
94 error error rolling back   code: 'EACCES',
94 error error rolling back   path: '/usr/local/lib/node_modules/mup' }
